        -:    0:Source:dominion.c
        -:    0:Graph:dominion.gcno
        -:    0:Data:dominion.gcda
        -:    0:Runs:1
        -:    0:Programs:1
        -:    1:#include "dominion.h"
        -:    2:#include "dominion_helpers.h"
        -:    3:#include "rngs.h"
        -:    4:#include <stdio.h>
        -:    5:#include <math.h>
        -:    6:#include <stdlib.h>
        -:    7:
function compare called 30 returned 100% blocks executed 83%
       30:    8:int compare(const void* a, const void* b) {
       30:    9:  if (*(int*)a > *(int*)b)
branch  0 taken 0% (fallthrough)
branch  1 taken 100%
    #####:   10:    return 1;
       30:   11:  if (*(int*)a < *(int*)b)
branch  0 taken 27% (fallthrough)
branch  1 taken 73%
        8:   12:    return -1;
       22:   13:  return 0;
        -:   14:}
        -:   15:
function newGame called 0 returned 0% blocks executed 0%
    #####:   16:struct gameState* newGame() {
    #####:   17:  struct gameState* g = malloc(sizeof(struct gameState));
    #####:   18:  return g;
        -:   19:}
        -:   20:
function kingdomCards called 0 returned 0% blocks executed 0%
    #####:   21:int* kingdomCards(int k1, int k2, int k3, int k4, int k5, int k6, int k7,
        -:   22:		  int k8, int k9, int k10) {
    #####:   23:  int* k = malloc(10 * sizeof(int));
    #####:   24:  k[0] = k1;
    #####:   25:  k[1] = k2;
    #####:   26:  k[2] = k3;
    #####:   27:  k[3] = k4;
    #####:   28:  k[4] = k5;
    #####:   29:  k[5] = k6;
    #####:   30:  k[6] = k7;
    #####:   31:  k[7] = k8;
    #####:   32:  k[8] = k9;
    #####:   33:  k[9] = k10;
    #####:   34:  return k;
        -:   35:}
        -:   36:
function initializeGame called 1 returned 100% blocks executed 83%
        1:   37:int initializeGame(int numPlayers, int kingdomCards[10], int randomSeed,
        -:   38:		   struct gameState *state) {
        -:   39:
        -:   40:  int i;
        -:   41:  int j;
        -:   42:  int it;			
        -:   43:  //set up random number generator
        1:   44:  SelectStream(1);
call    0 returned 100%
        1:   45:  PutSeed((long)randomSeed);
call    0 returned 100%
        -:   46:  
        -:   47:  //check number of players
        1:   48:  if (numPlayers > MAX_PLAYERS || numPlayers < 2)
branch  0 taken 100% (fallthrough)
branch  1 taken 0%
branch  2 taken 0% (fallthrough)
branch  3 taken 100%
        -:   49:    {
    #####:   50:      return -1;
        -:   51:    }
        -:   52:
        -:   53:  //set number of players
        1:   54:  state->numPlayers = numPlayers;
        -:   55:
        -:   56:  //check selected kingdom cards are different
       11:   57:  for (i = 0; i < 10; i++)
branch  0 taken 91%
branch  1 taken 9% (fallthrough)
        -:   58:    {
      110:   59:      for (j = 0; j < 10; j++)
branch  0 taken 91%
branch  1 taken 9% (fallthrough)
        -:   60:        {
      100:   61:	  if (j != i && kingdomCards[j] == kingdomCards[i])
branch  0 taken 90% (fallthrough)
branch  1 taken 10%
branch  2 taken 0% (fallthrough)
branch  3 taken 100%
        -:   62:	    {
    #####:   63:	      return -1;
        -:   64:	    }
        -:   65:        }
        -:   66:    }
        -:   67:
        -:   68:
        -:   69:  //initialize supply
        -:   70:  ///////////////////////////////
        -:   71:
        -:   72:  //set number of Curse cards
        1:   73:  if (numPlayers == 2)
branch  0 taken 100% (fallthrough)
branch  1 taken 0%
        -:   74:    {
        1:   75:      state->supplyCount[curse] = 10;
        -:   76:    }
    #####:   77:  else if (numPlayers == 3)
branch  0 never executed
branch  1 never executed
        -:   78:    {
    #####:   79:      state->supplyCount[curse] = 20;
        -:   80:    }
        -:   81:  else
        -:   82:    {
    #####:   83:      state->supplyCount[curse] = 30;
        -:   84:    }
        -:   85:
        -:   86:  //set number of Victory cards
        1:   87:  if (numPlayers == 2)
branch  0 taken 100% (fallthrough)
branch  1 taken 0%
        -:   88:    {
        1:   89:      state->supplyCount[estate] = 8;
        1:   90:      state->supplyCount[duchy] = 8;
        1:   91:      state->supplyCount[province] = 8;
        -:   92:    }
        -:   93:  else
        -:   94:    {
    #####:   95:      state->supplyCount[estate] = 12;
    #####:   96:      state->supplyCount[duchy] = 12;
    #####:   97:      state->supplyCount[province] = 12;
        -:   98:    }
        -:   99:
        -:  100:  //set number of Treasure cards
        1:  101:  state->supplyCount[copper] = 60 - (7 * numPlayers);
        1:  102:  state->supplyCount[silver] = 40;
        1:  103:  state->supplyCount[gold] = 30;
        -:  104:
        -:  105:  //set number of Kingdom cards
       21:  106:  for (i = adventurer; i <= treasure_map; i++)       	//loop all cards
branch  0 taken 95%
branch  1 taken 5% (fallthrough)
        -:  107:    {
      165:  108:      for (j = 0; j < 10; j++)           		//loop chosen cards
branch  0 taken 94%
branch  1 taken 6% (fallthrough)
        -:  109:	{
      155:  110:	  if (kingdomCards[j] == i)
branch  0 taken 6% (fallthrough)
branch  1 taken 94%
        -:  111:	    {
        -:  112:	      //check if card is a 'Victory' Kingdom card
       10:  113:	      if (kingdomCards[j] == great_hall || kingdomCards[j] == gardens)
branch  0 taken 100% (fallthrough)
branch  1 taken 0%
branch  2 taken 0% (fallthrough)
branch  3 taken 100%
        -:  114:		{
    #####:  115:		  if (numPlayers == 2){ 
branch  0 never executed
branch  1 never executed
    #####:  116:		    state->supplyCount[i] = 8; 
        -:  117:		  }
    #####:  118:		  else{ state->supplyCount[i] = 12; }
        -:  119:		}
        -:  120:	      else
        -:  121:		{
       10:  122:		  state->supplyCount[i] = 10;
        -:  123:		}
       10:  124:	      break;
        -:  125:	    }
        -:  126:	  else    //card is not in the set choosen for the game
        -:  127:	    {
      145:  128:	      state->supplyCount[i] = -1;
        -:  129:	    }
        -:  130:	}
        -:  131:
        -:  132:    }
        -:  133:
        -:  134:  ////////////////////////
        -:  135:  //supply intilization complete
        -:  136:
        -:  137:  //set player decks
        3:  138:  for (i = 0; i < numPlayers; i++)
branch  0 taken 67%
branch  1 taken 33% (fallthrough)
        -:  139:    {
        2:  140:      state->deckCount[i] = 0;
        8:  141:      for (j = 0; j < 3; j++)
branch  0 taken 75%
branch  1 taken 25% (fallthrough)
        -:  142:	{
        6:  143:	  state->deck[i][j] = estate;
        6:  144:	  state->deckCount[i]++;
        -:  145:	}
       16:  146:      for (j = 3; j < 10; j++)
branch  0 taken 88%
branch  1 taken 13% (fallthrough)
        -:  147:	{
       14:  148:	  state->deck[i][j] = copper;
       14:  149:	  state->deckCount[i]++;		
        -:  150:	}
        -:  151:    }
        -:  152:
        -:  153:  //shuffle player decks
        3:  154:  for (i = 0; i < numPlayers; i++)
branch  0 taken 67%
branch  1 taken 33% (fallthrough)
        -:  155:    {
        2:  156:      if ( shuffle(i, state) < 0 )
call    0 returned 100%
branch  1 taken 0% (fallthrough)
branch  2 taken 100%
        -:  157:	{
    #####:  158:	  return -1;
        -:  159:	}
        -:  160:    }
        -:  161:
        -:  162:  //draw player hands
        3:  163:  for (i = 0; i < numPlayers; i++)
branch  0 taken 67%
branch  1 taken 33% (fallthrough)
        -:  164:    {  
        -:  165:      //initialize hand size to zero
        2:  166:      state->handCount[i] = 0;
        2:  167:      state->discardCount[i] = 0;
        -:  168:      //draw 5 cards
        -:  169:      // for (j = 0; j < 5; j++)
        -:  170:      //	{
        -:  171:      //	  drawCard(i, state);
        -:  172:      //	}
        -:  173:    }
        -:  174:  
        -:  175:  //set embargo tokens to 0 for all supply piles
       28:  176:  for (i = 0; i <= treasure_map; i++)
branch  0 taken 96%
branch  1 taken 4% (fallthrough)
        -:  177:    {
       27:  178:      state->embargoTokens[i] = 0;
        -:  179:    }
        -:  180:
        -:  181:  //initialize first player's turn
        1:  182:  state->outpostPlayed = 0;
        1:  183:  state->phase = 0;
        1:  184:  state->numActions = 1;
        1:  185:  state->numBuys = 1;
        1:  186:  state->playedCardCount = 0;
        1:  187:  state->whoseTurn = 0;
        1:  188:  state->handCount[state->whoseTurn] = 0;
        -:  189:  //int it; move to top
        -:  190:
        -:  191:  //Moved draw cards to here, only drawing at the start of a turn
        6:  192:  for (it = 0; it < 5; it++){
branch  0 taken 83%
branch  1 taken 17% (fallthrough)
        5:  193:    drawCard(state->whoseTurn, state);
call    0 returned 100%
        -:  194:  }
        -:  195:
        1:  196:  updateCoins(state->whoseTurn, state, 0);
call    0 returned 100%
        -:  197:
        1:  198:  return 0;
        -:  199:}
        -:  200:
function shuffle called 2 returned 100% blocks executed 94%
        2:  201:int shuffle(int player, struct gameState *state) {
        -:  202: 
        -:  203:
        -:  204:  int newDeck[MAX_DECK];
        2:  205:  int newDeckPos = 0;
        -:  206:  int card;
        -:  207:  int i;
        -:  208:
        2:  209:  if (state->deckCount[player] < 1)
branch  0 taken 0% (fallthrough)
branch  1 taken 100%
    #####:  210:    return -1;
        2:  211:  qsort ((void*)(state->deck[player]), state->deckCount[player], sizeof(int), compare); 
call    0 returned 100%
        -:  212:  /* SORT CARDS IN DECK TO ENSURE DETERMINISM! */
        -:  213:
       24:  214:  while (state->deckCount[player] > 0) {
branch  0 taken 91%
branch  1 taken 9% (fallthrough)
       20:  215:    card = floor(Random() * state->deckCount[player]);
call    0 returned 100%
       20:  216:    newDeck[newDeckPos] = state->deck[player][card];
       20:  217:    newDeckPos++;
       70:  218:    for (i = card; i < state->deckCount[player]-1; i++) {
branch  0 taken 71%
branch  1 taken 29% (fallthrough)
       50:  219:      state->deck[player][i] = state->deck[player][i+1];
        -:  220:    }
       20:  221:    state->deckCount[player]--;
        -:  222:  }
       22:  223:  for (i = 0; i < newDeckPos; i++) {
branch  0 taken 91%
branch  1 taken 9% (fallthrough)
       20:  224:    state->deck[player][i] = newDeck[i];
       20:  225:    state->deckCount[player]++;
        -:  226:  }
        -:  227:
        2:  228:  return 0;
        -:  229:}
        -:  230:
function playCard called 0 returned 0% blocks executed 0%
    #####:  231:int playCard(int handPos, int choice1, int choice2, int choice3, struct gameState *state) 
        -:  232:{	
        -:  233:  int card;
    #####:  234:  int coin_bonus = 0; 		//tracks coins gain from actions
        -:  235:
        -:  236:  //check if it is the right phase
    #####:  237:  if (state->phase != 0)
branch  0 never executed
branch  1 never executed
        -:  238:    {
    #####:  239:      return -1;
        -:  240:    }
        -:  241:	
        -:  242:  //check if player has enough actions
    #####:  243:  if ( state->numActions < 1 )
branch  0 never executed
branch  1 never executed
        -:  244:    {
    #####:  245:      return -1;
        -:  246:    }
        -:  247:	
        -:  248:  //get card played
    #####:  249:  card = handCard(handPos, state);
call    0 never executed
        -:  250:	
        -:  251:  //check if selected card is an action
    #####:  252:  if ( card < adventurer || card > treasure_map )
branch  0 never executed
branch  1 never executed
branch  2 never executed
branch  3 never executed
        -:  253:    {
    #####:  254:      return -1;
        -:  255:    }
        -:  256:	
        -:  257:  //play card
    #####:  258:  if ( cardEffect(card, choice1, choice2, choice3, state, handPos, &coin_bonus) < 0 )
call    0 never executed
branch  1 never executed
branch  2 never executed
        -:  259:    {
    #####:  260:      return -1;
        -:  261:    }
        -:  262:	
        -:  263:  //reduce number of actions
    #####:  264:  state->numActions--;
        -:  265:
        -:  266:  //update coins (Treasure cards may be added with card draws)
    #####:  267:  updateCoins(state->whoseTurn, state, coin_bonus);
call    0 never executed
        -:  268:	
    #####:  269:  return 0;
        -:  270:}
        -:  271:
function buyCard called 0 returned 0% blocks executed 0%
    #####:  272:int buyCard(int supplyPos, struct gameState *state) {
        -:  273:  int who;
        -:  274:  if (DEBUG){
        -:  275:    printf("Entering buyCard...\n");
        -:  276:  }
        -:  277:
        -:  278:  // I don't know what to do about the phase thing.
        -:  279:
    #####:  280:  who = state->whoseTurn;
        -:  281:
    #####:  282:  if (state->numBuys < 1){
branch  0 never executed
branch  1 never executed
        -:  283:    if (DEBUG)
        -:  284:      printf("You do not have any buys left\n");
    #####:  285:    return -1;
    #####:  286:  } else if (supplyCount(supplyPos, state) <1){
call    0 never executed
branch  1 never executed
branch  2 never executed
        -:  287:    if (DEBUG)
        -:  288:      printf("There are not any of that type of card left\n");
    #####:  289:    return -1;
    #####:  290:  } else if (state->coins < getCost(supplyPos)){
call    0 never executed
branch  1 never executed
branch  2 never executed
        -:  291:    if (DEBUG) 
        -:  292:      printf("You do not have enough money to buy that. You have %d coins.\n", state->coins);
    #####:  293:    return -1;
        -:  294:  } else {
    #####:  295:    state->phase=1;
        -:  296:    //state->supplyCount[supplyPos]--;
    #####:  297:    gainCard(supplyPos, state, 0, who); //card goes in discard, this might be wrong.. (2 means goes into hand, 0 goes into discard)
call    0 never executed
        -:  298:  
    #####:  299:    state->coins = (state->coins) - (getCost(supplyPos));
call    0 never executed
    #####:  300:    state->numBuys--;
        -:  301:    if (DEBUG)
        -:  302:      printf("You bought card number %d for %d coins. You now have %d buys and %d coins.\n", supplyPos, getCost(supplyPos), state->numBuys, state->coins);
        -:  303:  }
        -:  304:
        -:  305:  //state->discard[who][state->discardCount[who]] = supplyPos;
        -:  306:  //state->discardCount[who]++;
        -:  307:    
    #####:  308:  return 0;
        -:  309:}
        -:  310:
function numHandCards called 0 returned 0% blocks executed 0%
    #####:  311:int numHandCards(struct gameState *state) {
    #####:  312:  return state->handCount[ whoseTurn(state) ];
call    0 never executed
        -:  313:}
        -:  314:
function handCard called 2 returned 100% blocks executed 100%
        2:  315:int handCard(int handPos, struct gameState *state) {
        2:  316:  int currentPlayer = whoseTurn(state);
call    0 returned 100%
        2:  317:  return state->hand[currentPlayer][handPos];
        -:  318:}
        -:  319:
function supplyCount called 0 returned 0% blocks executed 0%
    #####:  320:int supplyCount(int card, struct gameState *state) {
    #####:  321:  return state->supplyCount[card];
        -:  322:}
        -:  323:
function fullDeckCount called 0 returned 0% blocks executed 0%
    #####:  324:int fullDeckCount(int player, int card, struct gameState *state) {
        -:  325:  int i;
    #####:  326:  int count = 0;
        -:  327:
    #####:  328:  for (i = 0; i < state->deckCount[player]; i++)
branch  0 never executed
branch  1 never executed
        -:  329:    {
    #####:  330:      if (state->deck[player][i] == card) count++;
branch  0 never executed
branch  1 never executed
        -:  331:    }
        -:  332:
    #####:  333:  for (i = 0; i < state->handCount[player]; i++)
branch  0 never executed
branch  1 never executed
        -:  334:    {
    #####:  335:      if (state->hand[player][i] == card) count++;
branch  0 never executed
branch  1 never executed
        -:  336:    }
        -:  337:
    #####:  338:  for (i = 0; i < state->discardCount[player]; i++)
branch  0 never executed
branch  1 never executed
        -:  339:    {
    #####:  340:      if (state->discard[player][i] == card) count++;
branch  0 never executed
branch  1 never executed
        -:  341:    }
        -:  342:
    #####:  343:  return count;
        -:  344:}
        -:  345:
function whoseTurn called 4 returned 100% blocks executed 100%
        4:  346:int whoseTurn(struct gameState *state) {
        4:  347:  return state->whoseTurn;
        -:  348:}
        -:  349:
function endTurn called 0 returned 0% blocks executed 0%
    #####:  350:int endTurn(struct gameState *state) {
        -:  351:  int k;
        -:  352:  int i;
    #####:  353:  int currentPlayer = whoseTurn(state);
call    0 never executed
        -:  354:  
        -:  355:  //Discard hand
    #####:  356:  for (i = 0; i < state->handCount[currentPlayer]; i++){
branch  0 never executed
branch  1 never executed
    #####:  357:    state->discard[currentPlayer][state->discardCount[currentPlayer]++] = state->hand[currentPlayer][i];//Discard
    #####:  358:    state->hand[currentPlayer][i] = -1;//Set card to -1
        -:  359:  }
    #####:  360:  state->handCount[currentPlayer] = 0;//Reset hand count
        -:  361:    
        -:  362:  //Code for determining the player
    #####:  363:  if (currentPlayer < (state->numPlayers - 1)){ 
branch  0 never executed
branch  1 never executed
    #####:  364:    state->whoseTurn = currentPlayer + 1;//Still safe to increment
        -:  365:  }
        -:  366:  else{
    #####:  367:    state->whoseTurn = 0;//Max player has been reached, loop back around to player 1
        -:  368:  }
        -:  369:
    #####:  370:  state->outpostPlayed = 0;
    #####:  371:  state->phase = 0;
    #####:  372:  state->numActions = 1;
    #####:  373:  state->coins = 0;
    #####:  374:  state->numBuys = 1;
    #####:  375:  state->playedCardCount = 0;
    #####:  376:  state->handCount[state->whoseTurn] = 0;
        -:  377:
        -:  378:  //int k; move to top
        -:  379:  //Next player draws hand
    #####:  380:  for (k = 0; k < 5; k++){
branch  0 never executed
branch  1 never executed
    #####:  381:    drawCard(state->whoseTurn, state);//Draw a card
call    0 never executed
        -:  382:  }
        -:  383:
        -:  384:  //Update money
    #####:  385:  updateCoins(state->whoseTurn, state , 0);
call    0 never executed
        -:  386:
    #####:  387:  return 0;
        -:  388:}
        -:  389:
function isGameOver called 0 returned 0% blocks executed 0%
    #####:  390:int isGameOver(struct gameState *state) {
        -:  391:  int i;
        -:  392:  int j;
        -:  393:	
        -:  394:  //if stack of Province cards is empty, the game ends
    #####:  395:  if (state->supplyCount[province] == 0)
branch  0 never executed
branch  1 never executed
        -:  396:    {
    #####:  397:      return 1;
        -:  398:    }
        -:  399:
        -:  400:  //if three supply pile are at 0, the game ends
    #####:  401:  j = 0;
    #####:  402:  for (i = 0; i < 25; i++)
branch  0 never executed
branch  1 never executed
        -:  403:    {
    #####:  404:      if (state->supplyCount[i] == 0)
branch  0 never executed
branch  1 never executed
        -:  405:	{
    #####:  406:	  j++;
        -:  407:	}
        -:  408:    }
    #####:  409:  if ( j >= 3)
branch  0 never executed
branch  1 never executed
        -:  410:    {
    #####:  411:      return 1;
        -:  412:    }
        -:  413:
    #####:  414:  return 0;
        -:  415:}
        -:  416:
function scoreFor called 0 returned 0% blocks executed 0%
    #####:  417:int scoreFor (int player, struct gameState *state) {
        -:  418:
        -:  419:  int i;
    #####:  420:  int score = 0;
        -:  421:  //score from hand
    #####:  422:  for (i = 0; i < state->handCount[player]; i++)
branch  0 never executed
branch  1 never executed
        -:  423:    {
    #####:  424:      if (state->hand[player][i] == curse) { score = score - 1; };
branch  0 never executed
branch  1 never executed
    #####:  425:      if (state->hand[player][i] == estate) { score = score + 1; };
branch  0 never executed
branch  1 never executed
    #####:  426:      if (state->hand[player][i] == duchy) { score = score + 3; };
branch  0 never executed
branch  1 never executed
    #####:  427:      if (state->hand[player][i] == province) { score = score + 6; };
branch  0 never executed
branch  1 never executed
    #####:  428:      if (state->hand[player][i] == great_hall) { score = score + 1; };
branch  0 never executed
branch  1 never executed
    #####:  429:      if (state->hand[player][i] == gardens) { score = score + ( fullDeckCount(player, 0, state) / 10 ); };
branch  0 never executed
branch  1 never executed
call    2 never executed
        -:  430:    }
        -:  431:
        -:  432:  //score from discard
    #####:  433:  for (i = 0; i < state->discardCount[player]; i++)
branch  0 never executed
branch  1 never executed
        -:  434:    {
    #####:  435:      if (state->discard[player][i] == curse) { score = score - 1; };
branch  0 never executed
branch  1 never executed
    #####:  436:      if (state->discard[player][i] == estate) { score = score + 1; };
branch  0 never executed
branch  1 never executed
    #####:  437:      if (state->discard[player][i] == duchy) { score = score + 3; };
branch  0 never executed
branch  1 never executed
    #####:  438:      if (state->discard[player][i] == province) { score = score + 6; };
branch  0 never executed
branch  1 never executed
    #####:  439:      if (state->discard[player][i] == great_hall) { score = score + 1; };
branch  0 never executed
branch  1 never executed
    #####:  440:      if (state->discard[player][i] == gardens) { score = score + ( fullDeckCount(player, 0, state) / 10 ); };
branch  0 never executed
branch  1 never executed
call    2 never executed
        -:  441:    }
        -:  442:
        -:  443:  //score from deck
    #####:  444:  for (i = 0; i < state->discardCount[player]; i++)
branch  0 never executed
branch  1 never executed
        -:  445:    {
    #####:  446:      if (state->deck[player][i] == curse) { score = score - 1; };
branch  0 never executed
branch  1 never executed
    #####:  447:      if (state->deck[player][i] == estate) { score = score + 1; };
branch  0 never executed
branch  1 never executed
    #####:  448:      if (state->deck[player][i] == duchy) { score = score + 3; };
branch  0 never executed
branch  1 never executed
    #####:  449:      if (state->deck[player][i] == province) { score = score + 6; };
branch  0 never executed
branch  1 never executed
    #####:  450:      if (state->deck[player][i] == great_hall) { score = score + 1; };
branch  0 never executed
branch  1 never executed
    #####:  451:      if (state->deck[player][i] == gardens) { score = score + ( fullDeckCount(player, 0, state) / 10 ); };
branch  0 never executed
branch  1 never executed
call    2 never executed
        -:  452:    }
        -:  453:
    #####:  454:  return score;
        -:  455:}
        -:  456:
function getWinners called 0 returned 0% blocks executed 0%
    #####:  457:int getWinners(int players[MAX_PLAYERS], struct gameState *state) {
        -:  458:  int i;	
        -:  459:  int j;
        -:  460:  int highScore;
        -:  461:  int currentPlayer;
        -:  462:
        -:  463:  //get score for each player
    #####:  464:  for (i = 0; i < MAX_PLAYERS; i++)
branch  0 never executed
branch  1 never executed
        -:  465:    {
        -:  466:      //set unused player scores to -9999
    #####:  467:      if (i >= state->numPlayers)
branch  0 never executed
branch  1 never executed
        -:  468:	{
    #####:  469:	  players[i] = -9999;
        -:  470:	}
        -:  471:      else
        -:  472:	{
    #####:  473:	  players[i] = scoreFor (i, state);
call    0 never executed
        -:  474:	}
        -:  475:    }
        -:  476:
        -:  477:  //find highest score
    #####:  478:  j = 0;
    #####:  479:  for (i = 0; i < MAX_PLAYERS; i++)
branch  0 never executed
branch  1 never executed
        -:  480:    {
    #####:  481:      if (players[i] > players[j])
branch  0 never executed
branch  1 never executed
        -:  482:	{
    #####:  483:	  j = i;
        -:  484:	}
        -:  485:    }
    #####:  486:  highScore = players[j];
        -:  487:
        -:  488:  //add 1 to players who had less turns
    #####:  489:  currentPlayer = whoseTurn(state);
call    0 never executed
    #####:  490:  for (i = 0; i < MAX_PLAYERS; i++)
branch  0 never executed
branch  1 never executed
        -:  491:    {
    #####:  492:      if ( players[i] == highScore && i > currentPlayer )
branch  0 never executed
branch  1 never executed
branch  2 never executed
branch  3 never executed
        -:  493:	{
    #####:  494:	  players[i]++;
        -:  495:	}
        -:  496:    }
        -:  497:
        -:  498:  //find new highest score
    #####:  499:  j = 0;
    #####:  500:  for (i = 0; i < MAX_PLAYERS; i++)
branch  0 never executed
branch  1 never executed
        -:  501:    {
    #####:  502:      if ( players[i] > players[j] )
branch  0 never executed
branch  1 never executed
        -:  503:	{
    #####:  504:	  j = i;
        -:  505:	}
        -:  506:    }
    #####:  507:  highScore = players[j];
        -:  508:
        -:  509:  //set winners in array to 1 and rest to 0
    #####:  510:  for (i = 0; i < MAX_PLAYERS; i++)
branch  0 never executed
branch  1 never executed
        -:  511:    {
    #####:  512:      if ( players[i] == highScore )
branch  0 never executed
branch  1 never executed
        -:  513:	{
    #####:  514:	  players[i] = 1;
        -:  515:	}
        -:  516:      else
        -:  517:	{
    #####:  518:	  players[i] = 0;
        -:  519:	}
        -:  520:    }
        -:  521:
    #####:  522:  return 0;
        -:  523:}
        -:  524:
function drawCard called 5 returned 100% blocks executed 38%
        5:  525:int drawCard(int player, struct gameState *state)
        -:  526:{	int count;
        -:  527:  int deckCounter;
        5:  528:  if (state->deckCount[player] <= 0){//Deck is empty
branch  0 taken 0% (fallthrough)
branch  1 taken 100%
        -:  529:    
        -:  530:    //Step 1 Shuffle the discard pile back into a deck
        -:  531:    int i;
        -:  532:    //Move discard to deck
    #####:  533:    for (i = 0; i < state->discardCount[player];i++){
branch  0 never executed
branch  1 never executed
    #####:  534:      state->deck[player][i] = state->discard[player][i];
    #####:  535:      state->discard[player][i] = -1;
        -:  536:    }
        -:  537:
    #####:  538:    state->deckCount[player] = state->discardCount[player];
    #####:  539:    state->discardCount[player] = 0;//Reset discard
        -:  540:
        -:  541:    //Shufffle the deck
    #####:  542:    shuffle(player, state);//Shuffle the deck up and make it so that we can draw
call    0 never executed
        -:  543:   
        -:  544:    if (DEBUG){//Debug statements
        -:  545:      printf("Deck count now: %d\n", state->deckCount[player]);
        -:  546:    }
        -:  547:    
    #####:  548:    state->discardCount[player] = 0;
        -:  549:
        -:  550:    //Step 2 Draw Card
    #####:  551:    count = state->handCount[player];//Get current player's hand count
        -:  552:    
        -:  553:    if (DEBUG){//Debug statements
        -:  554:      printf("Current hand count: %d\n", count);
        -:  555:    }
        -:  556:    
    #####:  557:    deckCounter = state->deckCount[player];//Create a holder for the deck count
        -:  558:
    #####:  559:    if (deckCounter == 0)
branch  0 never executed
branch  1 never executed
    #####:  560:      return -1;
        -:  561:
    #####:  562:    state->hand[player][count] = state->deck[player][deckCounter - 1];//Add card to hand
    #####:  563:    state->deckCount[player]--;
    #####:  564:    state->handCount[player]++;//Increment hand count
        -:  565:  }
        -:  566:
        -:  567:  else{
        5:  568:    int count = state->handCount[player];//Get current hand count for player
        -:  569:    int deckCounter;
        -:  570:    if (DEBUG){//Debug statements
        -:  571:      printf("Current hand count: %d\n", count);
        -:  572:    }
        -:  573:
        5:  574:    deckCounter = state->deckCount[player];//Create holder for the deck count
        5:  575:    state->hand[player][count] = state->deck[player][deckCounter - 1];//Add card to the hand
        5:  576:    state->deckCount[player]--;
        5:  577:    state->handCount[player]++;//Increment hand count
        -:  578:  }
        -:  579:
        5:  580:  return 0;
        -:  581:}
        -:  582:
function getCost called 2 returned 100% blocks executed 10%
        2:  583:int getCost(int cardNumber)
        -:  584:{
        2:  585:  switch( cardNumber ) 
branch  0 taken 0%
branch  1 taken 0%
branch  2 taken 0%
branch  3 taken 0%
branch  4 taken 100%
branch  5 taken 0%
branch  6 taken 0%
branch  7 taken 0%
branch  8 taken 0%
branch  9 taken 0%
branch 10 taken 0%
branch 11 taken 0%
branch 12 taken 0%
branch 13 taken 0%
branch 14 taken 0%
branch 15 taken 0%
branch 16 taken 0%
branch 17 taken 0%
branch 18 taken 0%
branch 19 taken 0%
branch 20 taken 0%
branch 21 taken 0%
branch 22 taken 0%
branch 23 taken 0%
branch 24 taken 0%
branch 25 taken 0%
branch 26 taken 0%
branch 27 taken 0%
        -:  586:    {
        -:  587:    case curse:
    #####:  588:      return 0;
        -:  589:    case estate:
    #####:  590:      return 2;
        -:  591:    case duchy:
    #####:  592:      return 5;
        -:  593:    case province:
    #####:  594:      return 8;
        -:  595:    case copper:
        2:  596:      return 0;
        -:  597:    case silver:
    #####:  598:      return 3;
        -:  599:    case gold:
    #####:  600:      return 6;
        -:  601:    case adventurer:
    #####:  602:      return 6;
        -:  603:    case council_room:
    #####:  604:      return 5;
        -:  605:    case feast:
    #####:  606:      return 4;
        -:  607:    case gardens:
    #####:  608:      return 4;
        -:  609:    case mine:
    #####:  610:      return 5;
        -:  611:    case remodel:
    #####:  612:      return 4;
        -:  613:    case smithy:
    #####:  614:      return 4;
        -:  615:    case village:
    #####:  616:      return 3;
        -:  617:    case baron:
    #####:  618:      return 4;
        -:  619:    case great_hall:
    #####:  620:      return 3;
        -:  621:    case minion:
    #####:  622:      return 5;
        -:  623:    case steward:
    #####:  624:      return 3;
        -:  625:    case tribute:
    #####:  626:      return 5;
        -:  627:    case ambassador:
    #####:  628:      return 3;
        -:  629:    case cutpurse:
    #####:  630:      return 4;
        -:  631:    case embargo: 
    #####:  632:      return 2;
        -:  633:    case outpost:
    #####:  634:      return 5;
        -:  635:    case salvager:
    #####:  636:      return 4;
        -:  637:    case sea_hag:
    #####:  638:      return 4;
        -:  639:    case treasure_map:
    #####:  640:      return 4;
        -:  641:    }
        -:  642:	
    #####:  643:  return -1;
        -:  644:}
        -:  645:
        -:  646:
        -:  647://Refactored Card Effects
        -:  648:
        -:  649:
        -:  650:// Refactored Adventurer
function adventurerFact called 0 returned 0% blocks executed 0%
    #####:  651:void adventurerFact(int currentPlayer, int temphand[], int drawntreasure, int z, struct gameState *state)
        -:  652:{
        -:  653:
        -:  654:	int cardDrawn;
        -:  655:
        -:  656:	// Bug drawntreasure<2 changed to drawntreasure<1
    #####:  657:	while(drawntreasure<1)
branch  0 never executed
branch  1 never executed
        -:  658:	{
    #####:  659:		if (state->deckCount[currentPlayer] <1)
branch  0 never executed
branch  1 never executed
        -:  660:		{//if the deck is empty we need to shuffle discard and add to deck
    #####:  661:			shuffle(currentPlayer, state);
call    0 never executed
        -:  662:		}
        -:  663:
    #####:  664:		drawCard(currentPlayer, state);
call    0 never executed
    #####:  665:		cardDrawn = state->hand[currentPlayer][state->handCount[currentPlayer]-1];//top card of hand is most recently drawn card.
        -:  666:
    #####:  667:		if (cardDrawn == copper || cardDrawn == silver || cardDrawn == gold)
branch  0 never executed
branch  1 never executed
branch  2 never executed
branch  3 never executed
branch  4 never executed
branch  5 never executed
    #####:  668:			drawntreasure++;
        -:  669:
        -:  670:		else
        -:  671:		{
    #####:  672:			temphand[z]=cardDrawn;
    #####:  673:			state->handCount[currentPlayer]--; //this should just remove the top card (the most recently drawn one).
    #####:  674:			z++;
        -:  675:		}
        -:  676:	}
        -:  677:
    #####:  678:	while(z-1>=0)
branch  0 never executed
branch  1 never executed
        -:  679:	{
    #####:  680:		state->discard[currentPlayer][state->discardCount[currentPlayer]++]=temphand[z-1]; // discard all cards in play that have been drawn
    #####:  681:		z=z-1;
        -:  682:	}
    #####:  683:}
        -:  684:
        -:  685:
        -:  686:
        -:  687:// Refactored Smithy
function smithyFact called 0 returned 0% blocks executed 0%
    #####:  688:void smithyFact(int currentPlayer, int handPos, struct gameState *state)
        -:  689:{
        -:  690:	int i;
        -:  691:	//+3 Cards
        -:  692:	//Bug +2 Cards for (i = 0; i < 3; i++) to for (i = 0; i < 2; i++)
    #####:  693:	for (i = 0; i < 2; i++)
branch  0 never executed
branch  1 never executed
        -:  694:	{
    #####:  695:		drawCard(currentPlayer, state);
call    0 never executed
        -:  696:	}
        -:  697:
        -:  698:	//discard card from hand
    #####:  699:	discardCard(handPos, currentPlayer, state, 0);
call    0 never executed
    #####:  700:}
        -:  701:
        -:  702:
        -:  703:
        -:  704:
        -:  705:// Refactored Great Hall
function great_hallFact called 0 returned 0% blocks executed 0%
    #####:  706:void great_hallFact(int currentPlayer, int handPos, struct gameState *state)
        -:  707:{
        -:  708:	//+1 Card
    #####:  709:	drawCard(currentPlayer, state);
call    0 never executed
        -:  710:
        -:  711:	//+1 Actions
        -:  712:	//Bug +3 Actions from +1
    #####:  713:	state->numActions++;
    #####:  714:	state->numActions++;
    #####:  715:	state->numActions++;
        -:  716:
        -:  717:	//discard card from hand
    #####:  718:	discardCard(handPos, currentPlayer, state, 0);
call    0 never executed
    #####:  719:}
        -:  720:
        -:  721:
        -:  722:// Refactored Salvager
function salvagerFact called 2 returned 100% blocks executed 100%
        2:  723:void salvagerFact(int currentPlayer, int handPos, int choice1, struct gameState *state)
        -:  724:{
        -:  725:	//+1 buy
        -:  726:	//Bug +3 Buys from +1
        2:  727:	state->numBuys++;
        2:  728:	state->numBuys++;
        2:  729:	state->numBuys++;
        -:  730:
        2:  731:	if (choice1)
branch  0 taken 50% (fallthrough)
branch  1 taken 50%
        -:  732:	{
        -:  733:		//gain coins equal to trashed card
        1:  734:		state->coins = state->coins + getCost( handCard(choice1, state) );
call    0 returned 100%
call    1 returned 100%
        -:  735:		//trash card
        1:  736:		discardCard(choice1, currentPlayer, state, 1);
call    0 returned 100%
        -:  737:	}
        -:  738:
        -:  739:	//discard card
        2:  740:	discardCard(handPos, currentPlayer, state, 0);
call    0 returned 100%
        2:  741:}
        -:  742:
        -:  743:
        -:  744:// Refactored Seahag
function sea_hagFact called 0 returned 0% blocks executed 0%
    #####:  745:void sea_hagFact(int currentPlayer, struct gameState *state)
        -:  746:{
        -:  747:	int i;
    #####:  748:	for (i = 0; i < state->numPlayers; i++)
branch  0 never executed
branch  1 never executed
        -:  749:	{
    #####:  750:		if (i != currentPlayer)
branch  0 never executed
branch  1 never executed
        -:  751:		{
    #####:  752:			state->discard[i][state->discardCount[i]] = state->deck[i][state->deckCount[i]--];			    
    #####:  753:			state->deckCount[i]--;
    #####:  754:			state->discardCount[i]++;
    #####:  755:			state->deck[i][state->deckCount[i]--] = curse;//Top card now a curse
        -:  756:		}
        -:  757:	}
    #####:  758:}
        -:  759:
        -:  760:
        -:  761:
        -:  762:
        -:  763:
        -:  764:
function cardEffect called 2 returned 100% blocks executed 3%
        2:  765:int cardEffect(int card, int choice1, int choice2, int choice3, struct gameState *state, int handPos, int *bonus)
        -:  766:{
        -:  767:  int i;
        -:  768:  int j;
        -:  769:  int k;
        -:  770:  int x;
        -:  771:  int index;
        2:  772:  int currentPlayer = whoseTurn(state);
call    0 returned 100%
        2:  773:  int nextPlayer = currentPlayer + 1;
        -:  774:
        2:  775:  int tributeRevealedCards[2] = {-1, -1};
        -:  776:  int temphand[MAX_HAND];// moved above the if statement
        2:  777:  int drawntreasure=0;
        -:  778:  //int cardDrawn;
        2:  779:  int z = 0;// this is the counter for the temp hand
        2:  780:  if (nextPlayer > (state->numPlayers - 1)){
branch  0 taken 0% (fallthrough)
branch  1 taken 100%
    #####:  781:    nextPlayer = 0;
        -:  782:  }
        -:  783:  
        -:  784:	
        -:  785:  //uses switch to select card and perform actions
        2:  786:  switch( card ) 
branch  0 taken 0%
branch  1 taken 0%
branch  2 taken 0%
branch  3 taken 0%
branch  4 taken 0%
branch  5 taken 0%
branch  6 taken 0%
branch  7 taken 0%
branch  8 taken 0%
branch  9 taken 0%
branch 10 taken 0%
branch 11 taken 0%
branch 12 taken 0%
branch 13 taken 0%
branch 14 taken 0%
branch 15 taken 0%
branch 16 taken 0%
branch 17 taken 100%
branch 18 taken 0%
branch 19 taken 0%
branch 20 taken 0%
        -:  787:    {
        -:  788:    case adventurer:
    #####:  789:	  adventurerFact(currentPlayer, temphand, drawntreasure, z, state);
call    0 never executed
    #####:  790:      return 0;
        -:  791:			
        -:  792:    case council_room:
        -:  793:      //+4 Cards
    #####:  794:      for (i = 0; i < 4; i++)
branch  0 never executed
branch  1 never executed
        -:  795:	{
    #####:  796:	  drawCard(currentPlayer, state);
call    0 never executed
        -:  797:	}
        -:  798:			
        -:  799:      //+1 Buy
    #####:  800:      state->numBuys++;
        -:  801:			
        -:  802:      //Each other player draws a card
    #####:  803:      for (i = 0; i < state->numPlayers; i++)
branch  0 never executed
branch  1 never executed
        -:  804:	{
    #####:  805:	  if ( i != currentPlayer )
branch  0 never executed
branch  1 never executed
        -:  806:	    {
    #####:  807:	      drawCard(i, state);
call    0 never executed
        -:  808:	    }
        -:  809:	}
        -:  810:			
        -:  811:      //put played card in played card pile
    #####:  812:      discardCard(handPos, currentPlayer, state, 0);
call    0 never executed
        -:  813:			
    #####:  814:      return 0;
        -:  815:			
        -:  816:    case feast:
        -:  817:      //gain card with cost up to 5
        -:  818:      //Backup hand
    #####:  819:      for (i = 0; i <= state->handCount[currentPlayer]; i++){
branch  0 never executed
branch  1 never executed
    #####:  820:	temphand[i] = state->hand[currentPlayer][i];//Backup card
    #####:  821:	state->hand[currentPlayer][i] = -1;//Set to nothing
        -:  822:      }
        -:  823:      //Backup hand
        -:  824:
        -:  825:      //Update Coins for Buy
    #####:  826:      updateCoins(currentPlayer, state, 5);
call    0 never executed
    #####:  827:      x = 1;//Condition to loop on
    #####:  828:      while( x == 1) {//Buy one card
branch  0 never executed
branch  1 never executed
    #####:  829:	if (supplyCount(choice1, state) <= 0){
call    0 never executed
branch  1 never executed
branch  2 never executed
        -:  830:	  if (DEBUG)
        -:  831:	    printf("None of that card left, sorry!\n");
        -:  832:
        -:  833:	  if (DEBUG){
        -:  834:	    printf("Cards Left: %d\n", supplyCount(choice1, state));
        -:  835:	  }
        -:  836:	}
    #####:  837:	else if (state->coins < getCost(choice1)){
call    0 never executed
branch  1 never executed
branch  2 never executed
    #####:  838:	  printf("That card is too expensive!\n");
call    0 never executed
        -:  839:
        -:  840:	  if (DEBUG){
        -:  841:	    printf("Coins: %d < %d\n", state->coins, getCost(choice1));
        -:  842:	  }
        -:  843:	}
        -:  844:	else{
        -:  845:
        -:  846:	  if (DEBUG){
        -:  847:	    printf("Deck Count: %d\n", state->handCount[currentPlayer] + state->deckCount[currentPlayer] + state->discardCount[currentPlayer]);
        -:  848:	  }
        -:  849:
    #####:  850:	  gainCard(choice1, state, 0, currentPlayer);//Gain the card
call    0 never executed
    #####:  851:	  x = 0;//No more buying cards
        -:  852:
        -:  853:	  if (DEBUG){
        -:  854:	    printf("Deck Count: %d\n", state->handCount[currentPlayer] + state->deckCount[currentPlayer] + state->discardCount[currentPlayer]);
        -:  855:	  }
        -:  856:
        -:  857:	}
        -:  858:      }     
        -:  859:
        -:  860:      //Reset Hand
    #####:  861:      for (i = 0; i <= state->handCount[currentPlayer]; i++){
branch  0 never executed
branch  1 never executed
    #####:  862:	state->hand[currentPlayer][i] = temphand[i];
    #####:  863:	temphand[i] = -1;
        -:  864:      }
        -:  865:      //Reset Hand
        -:  866:      			
    #####:  867:      return 0;
        -:  868:			
        -:  869:    case gardens:
    #####:  870:      return -1;
        -:  871:			
        -:  872:    case mine:
    #####:  873:      j = state->hand[currentPlayer][choice1];  //store card we will trash
        -:  874:
    #####:  875:      if (state->hand[currentPlayer][choice1] < copper || state->hand[currentPlayer][choice1] > gold)
branch  0 never executed
branch  1 never executed
branch  2 never executed
branch  3 never executed
        -:  876:	{
    #####:  877:	  return -1;
        -:  878:	}
        -:  879:		
    #####:  880:      if (choice2 > treasure_map || choice2 < curse)
branch  0 never executed
branch  1 never executed
branch  2 never executed
branch  3 never executed
        -:  881:	{
    #####:  882:	  return -1;
        -:  883:	}
        -:  884:
    #####:  885:      if ( (getCost(state->hand[currentPlayer][choice1]) + 3) > getCost(choice2) )
call    0 never executed
call    1 never executed
branch  2 never executed
branch  3 never executed
        -:  886:	{
    #####:  887:	  return -1;
        -:  888:	}
        -:  889:
    #####:  890:      gainCard(choice2, state, 2, currentPlayer);
call    0 never executed
        -:  891:
        -:  892:      //discard card from hand
    #####:  893:      discardCard(handPos, currentPlayer, state, 0);
call    0 never executed
        -:  894:
        -:  895:      //discard trashed card
    #####:  896:      for (i = 0; i < state->handCount[currentPlayer]; i++)
branch  0 never executed
branch  1 never executed
        -:  897:	{
    #####:  898:	  if (state->hand[currentPlayer][i] == j)
branch  0 never executed
branch  1 never executed
        -:  899:	    {
    #####:  900:	      discardCard(i, currentPlayer, state, 0);			
call    0 never executed
    #####:  901:	      break;
        -:  902:	    }
        -:  903:	}
        -:  904:			
    #####:  905:      return 0;
        -:  906:			
        -:  907:    case remodel:
    #####:  908:      j = state->hand[currentPlayer][choice1];  //store card we will trash
        -:  909:
    #####:  910:      if ( (getCost(state->hand[currentPlayer][choice1]) + 2) > getCost(choice2) )
call    0 never executed
call    1 never executed
branch  2 never executed
branch  3 never executed
        -:  911:	{
    #####:  912:	  return -1;
        -:  913:	}
        -:  914:
    #####:  915:      gainCard(choice2, state, 0, currentPlayer);
call    0 never executed
        -:  916:
        -:  917:      //discard card from hand
    #####:  918:      discardCard(handPos, currentPlayer, state, 0);
call    0 never executed
        -:  919:
        -:  920:      //discard trashed card
    #####:  921:      for (i = 0; i < state->handCount[currentPlayer]; i++)
branch  0 never executed
branch  1 never executed
        -:  922:	{
    #####:  923:	  if (state->hand[currentPlayer][i] == j)
branch  0 never executed
branch  1 never executed
        -:  924:	    {
    #####:  925:	      discardCard(i, currentPlayer, state, 0);			
call    0 never executed
    #####:  926:	      break;
        -:  927:	    }
        -:  928:	}
        -:  929:
        -:  930:
    #####:  931:      return 0;
        -:  932:		
        -:  933:    case smithy:
    #####:  934:	  smithyFact(currentPlayer, handPos, state);
call    0 never executed
    #####:  935:      return 0;
        -:  936:		
        -:  937:    case village:
        -:  938:      //+1 Card
    #####:  939:      drawCard(currentPlayer, state);
call    0 never executed
        -:  940:			
        -:  941:      //+2 Actions
    #####:  942:      state->numActions = state->numActions + 2;
        -:  943:			
        -:  944:      //discard played card from hand
    #####:  945:      discardCard(handPos, currentPlayer, state, 0);
call    0 never executed
    #####:  946:      return 0;
        -:  947:		
        -:  948:    case baron:
    #####:  949:      state->numBuys++;//Increase buys by 1!
    #####:  950:      if (choice1 > 0){//Boolean true or going to discard an estate
branch  0 never executed
branch  1 never executed
    #####:  951:	int p = 0;//Iterator for hand!
    #####:  952:	int card_not_discarded = 1;//Flag for discard set!
    #####:  953:	while(card_not_discarded){
branch  0 never executed
branch  1 never executed
    #####:  954:	  if (state->hand[currentPlayer][p] == estate){//Found an estate card!
branch  0 never executed
branch  1 never executed
    #####:  955:	    state->coins += 4;//Add 4 coins to the amount of coins
    #####:  956:	    state->discard[currentPlayer][state->discardCount[currentPlayer]] = state->hand[currentPlayer][p];
    #####:  957:	    state->discardCount[currentPlayer]++;
    #####:  958:	    for (;p < state->handCount[currentPlayer]; p++){
branch  0 never executed
branch  1 never executed
    #####:  959:	      state->hand[currentPlayer][p] = state->hand[currentPlayer][p+1];
        -:  960:	    }
    #####:  961:	    state->hand[currentPlayer][state->handCount[currentPlayer]] = -1;
    #####:  962:	    state->handCount[currentPlayer]--;
    #####:  963:	    card_not_discarded = 0;//Exit the loop
        -:  964:	  }
    #####:  965:	  else if (p > state->handCount[currentPlayer]){
branch  0 never executed
branch  1 never executed
        -:  966:	    if(DEBUG) {
        -:  967:	      printf("No estate cards in your hand, invalid choice\n");
        -:  968:	      printf("Must gain an estate if there are any\n");
        -:  969:	    }
    #####:  970:	    if (supplyCount(estate, state) > 0){
call    0 never executed
branch  1 never executed
branch  2 never executed
    #####:  971:	      gainCard(estate, state, 0, currentPlayer);
call    0 never executed
    #####:  972:	      state->supplyCount[estate]--;//Decrement estates
    #####:  973:	      if (supplyCount(estate, state) == 0){
call    0 never executed
branch  1 never executed
branch  2 never executed
    #####:  974:		isGameOver(state);
call    0 never executed
        -:  975:	      }
        -:  976:	    }
    #####:  977:	    card_not_discarded = 0;//Exit the loop
        -:  978:	  }
        -:  979:			    
        -:  980:	  else{
    #####:  981:	    p++;//Next card
        -:  982:	  }
        -:  983:	}
        -:  984:      }
        -:  985:			    
        -:  986:      else{
    #####:  987:	if (supplyCount(estate, state) > 0){
call    0 never executed
branch  1 never executed
branch  2 never executed
    #####:  988:	  gainCard(estate, state, 0, currentPlayer);//Gain an estate
call    0 never executed
    #####:  989:	  state->supplyCount[estate]--;//Decrement Estates
    #####:  990:	  if (supplyCount(estate, state) == 0){
call    0 never executed
branch  1 never executed
branch  2 never executed
    #####:  991:	    isGameOver(state);
call    0 never executed
        -:  992:	  }
        -:  993:	}
        -:  994:      }
        -:  995:	    
        -:  996:      
    #####:  997:      return 0;
        -:  998:		
        -:  999:    case great_hall:
    #####: 1000:	  great_hallFact(currentPlayer, handPos, state);
call    0 never executed
    #####: 1001:      return 0;
        -: 1002:		
        -: 1003:    case minion:
        -: 1004:      //+1 action
    #####: 1005:      state->numActions++;
        -: 1006:			
        -: 1007:      //discard card from hand
    #####: 1008:      discardCard(handPos, currentPlayer, state, 0);
call    0 never executed
        -: 1009:			
    #####: 1010:      if (choice1)		//+2 coins
branch  0 never executed
branch  1 never executed
        -: 1011:	{
    #####: 1012:	  state->coins = state->coins + 2;
        -: 1013:	}
        -: 1014:			
    #####: 1015:      else if (choice2)		//discard hand, redraw 4, other players with 5+ cards discard hand and draw 4
branch  0 never executed
branch  1 never executed
        -: 1016:	{
        -: 1017:	  //discard hand
    #####: 1018:	  while(numHandCards(state) > 0)
call    0 never executed
branch  1 never executed
branch  2 never executed
        -: 1019:	    {
    #####: 1020:	      discardCard(handPos, currentPlayer, state, 0);
call    0 never executed
        -: 1021:	    }
        -: 1022:				
        -: 1023:	  //draw 4
    #####: 1024:	  for (i = 0; i < 4; i++)
branch  0 never executed
branch  1 never executed
        -: 1025:	    {
    #####: 1026:	      drawCard(currentPlayer, state);
call    0 never executed
        -: 1027:	    }
        -: 1028:				
        -: 1029:	  //other players discard hand and redraw if hand size > 4
    #####: 1030:	  for (i = 0; i < state->numPlayers; i++)
branch  0 never executed
branch  1 never executed
        -: 1031:	    {
    #####: 1032:	      if (i != currentPlayer)
branch  0 never executed
branch  1 never executed
        -: 1033:		{
    #####: 1034:		  if ( state->handCount[i] > 4 )
branch  0 never executed
branch  1 never executed
        -: 1035:		    {
        -: 1036:		      //discard hand
    #####: 1037:		      while( state->handCount[i] > 0 )
branch  0 never executed
branch  1 never executed
        -: 1038:			{
    #####: 1039:			  discardCard(handPos, i, state, 0);
call    0 never executed
        -: 1040:			}
        -: 1041:							
        -: 1042:		      //draw 4
    #####: 1043:		      for (j = 0; j < 4; j++)
branch  0 never executed
branch  1 never executed
        -: 1044:			{
    #####: 1045:			  drawCard(i, state);
call    0 never executed
        -: 1046:			}
        -: 1047:		    }
        -: 1048:		}
        -: 1049:	    }
        -: 1050:				
        -: 1051:	}
    #####: 1052:      return 0;
        -: 1053:		
        -: 1054:    case steward:
    #####: 1055:      if (choice1 == 1)
branch  0 never executed
branch  1 never executed
        -: 1056:	{
        -: 1057:	  //+2 cards
    #####: 1058:	  drawCard(currentPlayer, state);
call    0 never executed
    #####: 1059:	  drawCard(currentPlayer, state);
call    0 never executed
        -: 1060:	}
    #####: 1061:      else if (choice1 == 2)
branch  0 never executed
branch  1 never executed
        -: 1062:	{
        -: 1063:	  //+2 coins
    #####: 1064:	  state->coins = state->coins + 2;
        -: 1065:	}
        -: 1066:      else
        -: 1067:	{
        -: 1068:	  //trash 2 cards in hand
    #####: 1069:	  discardCard(choice2, currentPlayer, state, 1);
call    0 never executed
    #####: 1070:	  discardCard(choice3, currentPlayer, state, 1);
call    0 never executed
        -: 1071:	}
        -: 1072:			
        -: 1073:      //discard card from hand
    #####: 1074:      discardCard(handPos, currentPlayer, state, 0);
call    0 never executed
    #####: 1075:      return 0;
        -: 1076:		
        -: 1077:    case tribute:
    #####: 1078:      if ((state->discardCount[nextPlayer] + state->deckCount[nextPlayer]) <= 1){
branch  0 never executed
branch  1 never executed
    #####: 1079:	if (state->deckCount[nextPlayer] > 0){
branch  0 never executed
branch  1 never executed
    #####: 1080:	  tributeRevealedCards[0] = state->deck[nextPlayer][state->deckCount[nextPlayer]-1];
    #####: 1081:	  state->deckCount[nextPlayer]--;
        -: 1082:	}
    #####: 1083:	else if (state->discardCount[nextPlayer] > 0){
branch  0 never executed
branch  1 never executed
    #####: 1084:	  tributeRevealedCards[0] = state->discard[nextPlayer][state->discardCount[nextPlayer]-1];
    #####: 1085:	  state->discardCount[nextPlayer]--;
        -: 1086:	}
        -: 1087:	else{
        -: 1088:	  //No Card to Reveal
        -: 1089:	  if (DEBUG){
        -: 1090:	    printf("No cards to reveal\n");
        -: 1091:	  }
        -: 1092:	}
        -: 1093:      }
        -: 1094:	    
        -: 1095:      else{
    #####: 1096:	if (state->deckCount[nextPlayer] == 0){
branch  0 never executed
branch  1 never executed
    #####: 1097:	  for (i = 0; i < state->discardCount[nextPlayer]; i++){
branch  0 never executed
branch  1 never executed
    #####: 1098:	    state->deck[nextPlayer][i] = state->discard[nextPlayer][i];//Move to deck
    #####: 1099:	    state->deckCount[nextPlayer]++;
    #####: 1100:	    state->discard[nextPlayer][i] = -1;
    #####: 1101:	    state->discardCount[nextPlayer]--;
        -: 1102:	  }
        -: 1103:			    
    #####: 1104:	  shuffle(nextPlayer,state);//Shuffle the deck
call    0 never executed
        -: 1105:	} 
    #####: 1106:	tributeRevealedCards[0] = state->deck[nextPlayer][state->deckCount[nextPlayer]-1];
    #####: 1107:	state->deck[nextPlayer][state->deckCount[nextPlayer]--] = -1;
    #####: 1108:	state->deckCount[nextPlayer]--;
    #####: 1109:	tributeRevealedCards[1] = state->deck[nextPlayer][state->deckCount[nextPlayer]-1];
    #####: 1110:	state->deck[nextPlayer][state->deckCount[nextPlayer]--] = -1;
    #####: 1111:	state->deckCount[nextPlayer]--;
        -: 1112:      }    
        -: 1113:		       
    #####: 1114:      if (tributeRevealedCards[0] == tributeRevealedCards[1]){//If we have a duplicate card, just drop one 
branch  0 never executed
branch  1 never executed
    #####: 1115:	state->playedCards[state->playedCardCount] = tributeRevealedCards[1];
    #####: 1116:	state->playedCardCount++;
    #####: 1117:	tributeRevealedCards[1] = -1;
        -: 1118:      }
        -: 1119:
    #####: 1120:      for (i = 0; i <= 2; i ++){
branch  0 never executed
branch  1 never executed
    #####: 1121:	if (tributeRevealedCards[i] == copper || tributeRevealedCards[i] == silver || tributeRevealedCards[i] == gold){//Treasure cards
branch  0 never executed
branch  1 never executed
branch  2 never executed
branch  3 never executed
branch  4 never executed
branch  5 never executed
    #####: 1122:	  state->coins += 2;
        -: 1123:	}
        -: 1124:		    
    #####: 1125:	else if (tributeRevealedCards[i] == estate || tributeRevealedCards[i] == duchy || tributeRevealedCards[i] == province || tributeRevealedCards[i] == gardens || tributeRevealedCards[i] == great_hall){//Victory Card Found
branch  0 never executed
branch  1 never executed
branch  2 never executed
branch  3 never executed
branch  4 never executed
branch  5 never executed
branch  6 never executed
branch  7 never executed
branch  8 never executed
branch  9 never executed
    #####: 1126:	  drawCard(currentPlayer, state);
call    0 never executed
    #####: 1127:	  drawCard(currentPlayer, state);
call    0 never executed
        -: 1128:	}
        -: 1129:	else{//Action Card
    #####: 1130:	  state->numActions = state->numActions + 2;
        -: 1131:	}
        -: 1132:      }
        -: 1133:	    
    #####: 1134:      return 0;
        -: 1135:		
        -: 1136:    case ambassador:
    #####: 1137:      j = 0;		//used to check if player has enough cards to discard
        -: 1138:
    #####: 1139:      if (choice2 > 2 || choice2 < 0)
branch  0 never executed
branch  1 never executed
branch  2 never executed
branch  3 never executed
        -: 1140:	{
    #####: 1141:	  return -1;				
        -: 1142:	}
        -: 1143:
    #####: 1144:      if (choice1 == handPos)
branch  0 never executed
branch  1 never executed
        -: 1145:	{
    #####: 1146:	  return -1;
        -: 1147:	}
        -: 1148:
    #####: 1149:      for (i = 0; i < state->handCount[currentPlayer]; i++)
branch  0 never executed
branch  1 never executed
        -: 1150:	{
    #####: 1151:	  if (i != handPos && i == state->hand[currentPlayer][choice1] && i != choice1)
branch  0 never executed
branch  1 never executed
branch  2 never executed
branch  3 never executed
branch  4 never executed
branch  5 never executed
        -: 1152:	    {
    #####: 1153:	      j++;
        -: 1154:	    }
        -: 1155:	}
    #####: 1156:      if (j < choice2)
branch  0 never executed
branch  1 never executed
        -: 1157:	{
    #####: 1158:	  return -1;				
        -: 1159:	}
        -: 1160:
        -: 1161:      if (DEBUG) 
        -: 1162:	printf("Player %d reveals card number: %d\n", currentPlayer, state->hand[currentPlayer][choice1]);
        -: 1163:
        -: 1164:      //increase supply count for choosen card by amount being discarded
    #####: 1165:      state->supplyCount[state->hand[currentPlayer][choice1]] += choice2;
        -: 1166:			
        -: 1167:      //each other player gains a copy of revealed card
    #####: 1168:      for (i = 0; i < state->numPlayers; i++)
branch  0 never executed
branch  1 never executed
        -: 1169:	{
    #####: 1170:	  if (i != currentPlayer)
branch  0 never executed
branch  1 never executed
        -: 1171:	    {
    #####: 1172:	      gainCard(state->hand[currentPlayer][choice1], state, 0, i);
call    0 never executed
        -: 1173:	    }
        -: 1174:	}
        -: 1175:
        -: 1176:      //discard played card from hand
    #####: 1177:      discardCard(handPos, currentPlayer, state, 0);			
call    0 never executed
        -: 1178:
        -: 1179:      //trash copies of cards returned to supply
    #####: 1180:      for (j = 0; j < choice2; j++)
branch  0 never executed
branch  1 never executed
        -: 1181:	{
    #####: 1182:	  for (i = 0; i < state->handCount[currentPlayer]; i++)
branch  0 never executed
branch  1 never executed
        -: 1183:	    {
    #####: 1184:	      if (state->hand[currentPlayer][i] == state->hand[currentPlayer][choice1])
branch  0 never executed
branch  1 never executed
        -: 1185:		{
    #####: 1186:		  discardCard(i, currentPlayer, state, 1);
call    0 never executed
    #####: 1187:		  break;
        -: 1188:		}
        -: 1189:	    }
        -: 1190:	}			
        -: 1191:
    #####: 1192:      return 0;
        -: 1193:		
        -: 1194:    case cutpurse:
        -: 1195:
    #####: 1196:      updateCoins(currentPlayer, state, 2);
call    0 never executed
    #####: 1197:      for (i = 0; i < state->numPlayers; i++)
branch  0 never executed
branch  1 never executed
        -: 1198:	{
    #####: 1199:	  if (i != currentPlayer)
branch  0 never executed
branch  1 never executed
        -: 1200:	    {
    #####: 1201:	      for (j = 0; j < state->handCount[i]; j++)
branch  0 never executed
branch  1 never executed
        -: 1202:		{
    #####: 1203:		  if (state->hand[i][j] == copper)
branch  0 never executed
branch  1 never executed
        -: 1204:		    {
    #####: 1205:		      discardCard(j, i, state, 0);
call    0 never executed
    #####: 1206:		      break;
        -: 1207:		    }
    #####: 1208:		  if (j == state->handCount[i])
branch  0 never executed
branch  1 never executed
        -: 1209:		    {
    #####: 1210:		      for (k = 0; k < state->handCount[i]; k++)
branch  0 never executed
branch  1 never executed
        -: 1211:			{
        -: 1212:			  if (DEBUG)
        -: 1213:			    printf("Player %d reveals card number %d\n", i, state->hand[i][k]);
        -: 1214:			}	
    #####: 1215:		      break;
        -: 1216:		    }		
        -: 1217:		}
        -: 1218:					
        -: 1219:	    }
        -: 1220:				
        -: 1221:	}				
        -: 1222:
        -: 1223:      //discard played card from hand
    #####: 1224:      discardCard(handPos, currentPlayer, state, 0);			
call    0 never executed
        -: 1225:
    #####: 1226:      return 0;
        -: 1227:
        -: 1228:		
        -: 1229:    case embargo: 
        -: 1230:      //+2 Coins
    #####: 1231:      state->coins = state->coins + 2;
        -: 1232:			
        -: 1233:      //see if selected pile is in play
    #####: 1234:      if ( state->supplyCount[choice1] == -1 )
branch  0 never executed
branch  1 never executed
        -: 1235:	{
    #####: 1236:	  return -1;
        -: 1237:	}
        -: 1238:			
        -: 1239:      //add embargo token to selected supply pile
    #####: 1240:      state->embargoTokens[choice1]++;
        -: 1241:			
        -: 1242:      //trash card
    #####: 1243:      discardCard(handPos, currentPlayer, state, 1);		
call    0 never executed
    #####: 1244:      return 0;
        -: 1245:		
        -: 1246:    case outpost:
        -: 1247:      //set outpost flag
    #####: 1248:      state->outpostPlayed++;
        -: 1249:			
        -: 1250:      //discard card
    #####: 1251:      discardCard(handPos, currentPlayer, state, 0);
call    0 never executed
    #####: 1252:      return 0;
        -: 1253:		
        -: 1254:    case salvager:
        2: 1255:	  salvagerFact(currentPlayer, handPos, choice1, state);
call    0 returned 100%
        2: 1256:      return 0;
        -: 1257:		
        -: 1258:    case sea_hag:
    #####: 1259:	  sea_hagFact(currentPlayer, state);
call    0 never executed
    #####: 1260:      return 0;
        -: 1261:		
        -: 1262:    case treasure_map:
        -: 1263:      //search hand for another treasure_map
    #####: 1264:      index = -1;
    #####: 1265:      for (i = 0; i < state->handCount[currentPlayer]; i++)
branch  0 never executed
branch  1 never executed
        -: 1266:	{
    #####: 1267:	  if (state->hand[currentPlayer][i] == treasure_map && i != handPos)
branch  0 never executed
branch  1 never executed
branch  2 never executed
branch  3 never executed
        -: 1268:	    {
    #####: 1269:	      index = i;
    #####: 1270:	      break;
        -: 1271:	    }
        -: 1272:	}
    #####: 1273:      if (index > -1)
branch  0 never executed
branch  1 never executed
        -: 1274:	{
        -: 1275:	  //trash both treasure cards
    #####: 1276:	  discardCard(handPos, currentPlayer, state, 1);
call    0 never executed
    #####: 1277:	  discardCard(index, currentPlayer, state, 1);
call    0 never executed
        -: 1278:
        -: 1279:	  //gain 4 Gold cards
    #####: 1280:	  for (i = 0; i < 4; i++)
branch  0 never executed
branch  1 never executed
        -: 1281:	    {
    #####: 1282:	      gainCard(gold, state, 1, currentPlayer);
call    0 never executed
        -: 1283:	    }
        -: 1284:				
        -: 1285:	  //return success
    #####: 1286:	  return 1;
        -: 1287:	}
        -: 1288:			
        -: 1289:      //no second treasure_map found in hand
    #####: 1290:      return -1;
        -: 1291:    }
        -: 1292:	
    #####: 1293:  return -1;
        -: 1294:}
        -: 1295:
function discardCard called 3 returned 100% blocks executed 78%
        3: 1296:int discardCard(int handPos, int currentPlayer, struct gameState *state, int trashFlag)
        -: 1297:{
        -: 1298:	
        -: 1299:  //if card is not trashed, added to Played pile 
        3: 1300:  if (trashFlag < 1)
branch  0 taken 67% (fallthrough)
branch  1 taken 33%
        -: 1301:    {
        -: 1302:      //add card to played pile
        2: 1303:      state->playedCards[state->playedCardCount] = state->hand[currentPlayer][handPos]; 
        2: 1304:      state->playedCardCount++;
        -: 1305:    }
        -: 1306:	
        -: 1307:  //set played card to -1
        3: 1308:  state->hand[currentPlayer][handPos] = -1;
        -: 1309:	
        -: 1310:  //remove card from player's hand
        3: 1311:  if ( handPos == (state->handCount[currentPlayer] - 1) ) 	//last card in hand array is played
branch  0 taken 0% (fallthrough)
branch  1 taken 100%
        -: 1312:    {
        -: 1313:      //reduce number of cards in hand
    #####: 1314:      state->handCount[currentPlayer]--;
        -: 1315:    }
        3: 1316:  else if ( state->handCount[currentPlayer] == 1 ) //only one card in hand
branch  0 taken 0% (fallthrough)
branch  1 taken 100%
        -: 1317:    {
        -: 1318:      //reduce number of cards in hand
    #####: 1319:      state->handCount[currentPlayer]--;
        -: 1320:    }
        -: 1321:  else 	
        -: 1322:    {
        -: 1323:      //replace discarded card with last card in hand
        3: 1324:      state->hand[currentPlayer][handPos] = state->hand[currentPlayer][ (state->handCount[currentPlayer] - 1)];
        -: 1325:      //set last card to -1
        3: 1326:      state->hand[currentPlayer][state->handCount[currentPlayer] - 1] = -1;
        -: 1327:      //reduce number of cards in hand
        3: 1328:      state->handCount[currentPlayer]--;
        -: 1329:    }
        -: 1330:	
        3: 1331:  return 0;
        -: 1332:}
        -: 1333:
function gainCard called 0 returned 0% blocks executed 0%
    #####: 1334:int gainCard(int supplyPos, struct gameState *state, int toFlag, int player)
        -: 1335:{
        -: 1336:  //Note: supplyPos is enum of choosen card
        -: 1337:	
        -: 1338:  //check if supply pile is empty (0) or card is not used in game (-1)
    #####: 1339:  if ( supplyCount(supplyPos, state) < 1 )
call    0 never executed
branch  1 never executed
branch  2 never executed
        -: 1340:    {
    #####: 1341:      return -1;
        -: 1342:    }
        -: 1343:	
        -: 1344:  //added card for [whoseTurn] current player:
        -: 1345:  // toFlag = 0 : add to discard
        -: 1346:  // toFlag = 1 : add to deck
        -: 1347:  // toFlag = 2 : add to hand
        -: 1348:
    #####: 1349:  if (toFlag == 1)
branch  0 never executed
branch  1 never executed
        -: 1350:    {
    #####: 1351:      state->deck[ player ][ state->deckCount[player] ] = supplyPos;
    #####: 1352:      state->deckCount[player]++;
        -: 1353:    }
    #####: 1354:  else if (toFlag == 2)
branch  0 never executed
branch  1 never executed
        -: 1355:    {
    #####: 1356:      state->hand[ player ][ state->handCount[player] ] = supplyPos;
    #####: 1357:      state->handCount[player]++;
        -: 1358:    }
        -: 1359:  else
        -: 1360:    {
    #####: 1361:      state->discard[player][ state->discardCount[player] ] = supplyPos;
    #####: 1362:      state->discardCount[player]++;
        -: 1363:    }
        -: 1364:	
        -: 1365:  //decrease number in supply pile
    #####: 1366:  state->supplyCount[supplyPos]--;
        -: 1367:	 
    #####: 1368:  return 0;
        -: 1369:}
        -: 1370:
function updateCoins called 1 returned 100% blocks executed 82%
        1: 1371:int updateCoins(int player, struct gameState *state, int bonus)
        -: 1372:{
        -: 1373:  int i;
        -: 1374:	
        -: 1375:  //reset coin count
        1: 1376:  state->coins = 0;
        -: 1377:
        -: 1378:  //add coins for each Treasure card in player's hand
        6: 1379:  for (i = 0; i < state->handCount[player]; i++)
branch  0 taken 83%
branch  1 taken 17% (fallthrough)
        -: 1380:    {
        5: 1381:      if (state->hand[player][i] == copper)
branch  0 taken 80% (fallthrough)
branch  1 taken 20%
        -: 1382:	{
        4: 1383:	  state->coins += 1;
        -: 1384:	}
        1: 1385:      else if (state->hand[player][i] == silver)
branch  0 taken 0% (fallthrough)
branch  1 taken 100%
        -: 1386:	{
    #####: 1387:	  state->coins += 2;
        -: 1388:	}
        1: 1389:      else if (state->hand[player][i] == gold)
branch  0 taken 0% (fallthrough)
branch  1 taken 100%
        -: 1390:	{
    #####: 1391:	  state->coins += 3;
        -: 1392:	}	
        -: 1393:    }	
        -: 1394:
        -: 1395:  //add bonus
        1: 1396:  state->coins += bonus;
        -: 1397:
        1: 1398:  return 0;
        -: 1399:}
        -: 1400:
        -: 1401:
        -: 1402://end of dominion.c
        -: 1403:
